[0m22:31:11.296290 [debug] [MainThread]: Sending event: {'category': 'dbt', 'action': 'invocation', 'label': 'start', 'context': [<snowplow_tracker.self_describing_json.SelfDescribingJson object at 0x0000020A785FB5D0>, <snowplow_tracker.self_describing_json.SelfDescribingJson object at 0x0000020A785F8090>, <snowplow_tracker.self_describing_json.SelfDescribingJson object at 0x0000020A785FB290>]}


============================== 22:31:11.316269 | ca96ff45-801d-4934-b9ef-43d94947a6de ==============================
[0m22:31:11.316269 [info ] [MainThread]: Running with dbt=1.11.3
[0m22:31:11.316269 [debug] [MainThread]: running dbt with arguments {'static_parser': 'True', 'no_print': 'None', 'version_check': 'True', 'warn_error_options': 'WarnErrorOptionsV2(error=[], warn=[], silence=[])', 'target_path': 'None', 'printer_width': '80', 'write_json': 'True', 'introspect': 'True', 'log_cache_events': 'False', 'empty': 'None', 'cache_selected_only': 'False', 'log_format': 'default', 'debug': 'False', 'fail_fast': 'False', 'profiles_dir': 'C:\\Users\\marce\\.dbt', 'send_anonymous_usage_stats': 'True', 'quiet': 'False', 'warn_error': 'None', 'partial_parse': 'True', 'indirect_selection': 'eager', 'invocation_command': 'dbt init marcello_modern_portfolio', 'use_colors': 'True', 'use_experimental_parser': 'False', 'log_path': 'logs'}
[0m22:31:11.327928 [info ] [MainThread]: Creating dbt configuration folder at C:\Users\marce\.dbt
[0m22:31:11.327928 [debug] [MainThread]: Starter project path: D:\Coding\GitHub\Marcello-Modern-SQL-Portfolio\.venv\Lib\site-packages\dbt\include\starter_project
[0m22:31:11.452969 [info ] [MainThread]: 
Your new dbt project "marcello_modern_portfolio" was created!

For more information on how to configure the profiles.yml file,
please consult the dbt documentation here:

  https://docs.getdbt.com/docs/configure-your-profile

One more thing:

Need help? Don't hesitate to reach out to us via GitHub issues or on Slack:

  https://community.getdbt.com/

Happy modeling!

[0m22:31:11.452969 [info ] [MainThread]: Setting up your profile.
[0m22:32:34.006547 [info ] [MainThread]: Profile marcello_modern_portfolio written to C:\Users\marce\.dbt\profiles.yml using target's sample configuration. Once updated, you'll be able to start developing with dbt.
[0m22:32:34.008576 [debug] [MainThread]: Command `dbt init` succeeded at 22:32:34.008576 after 83.10 seconds
[0m22:32:34.008576 [debug] [MainThread]: Sending event: {'category': 'dbt', 'action': 'invocation', 'label': 'end', 'context': [<snowplow_tracker.self_describing_json.SelfDescribingJson object at 0x0000020A785956D0>, <snowplow_tracker.self_describing_json.SelfDescribingJson object at 0x0000020A7860FFD0>, <snowplow_tracker.self_describing_json.SelfDescribingJson object at 0x0000020A70A004D0>]}
[0m22:32:34.009578 [debug] [MainThread]: Flushing usage events
[0m22:32:34.828641 [debug] [MainThread]: An error was encountered while trying to flush usage events
